{"total": {"lines":{"total":564,"covered":537,"skipped":0,"pct":95.21},"statements":{"total":564,"covered":537,"skipped":0,"pct":95.21},"functions":{"total":29,"covered":29,"skipped":0,"pct":100},"branches":{"total":160,"covered":144,"skipped":0,"pct":90},"branchesTrue":{"total":0,"covered":0,"skipped":0,"pct":100}}
,"/home/user/Resonance/worker/src/lib/llm.ts": {"lines":{"total":90,"covered":88,"skipped":0,"pct":97.77},"functions":{"total":6,"covered":6,"skipped":0,"pct":100},"statements":{"total":90,"covered":88,"skipped":0,"pct":97.77},"branches":{"total":32,"covered":28,"skipped":0,"pct":87.5}}
,"/home/user/Resonance/worker/src/lib/nickname-analyzer.ts": {"lines":{"total":185,"covered":182,"skipped":0,"pct":98.37},"functions":{"total":13,"covered":13,"skipped":0,"pct":100},"statements":{"total":185,"covered":182,"skipped":0,"pct":98.37},"branches":{"total":81,"covered":78,"skipped":0,"pct":96.29}}
,"/home/user/Resonance/worker/src/lib/usage-logger.ts": {"lines":{"total":37,"covered":37,"skipped":0,"pct":100},"functions":{"total":2,"covered":2,"skipped":0,"pct":100},"statements":{"total":37,"covered":37,"skipped":0,"pct":100},"branches":{"total":6,"covered":2,"skipped":0,"pct":33.33}}
,"/home/user/Resonance/worker/src/lib/wiki-store.ts": {"lines":{"total":24,"covered":24,"skipped":0,"pct":100},"functions":{"total":2,"covered":2,"skipped":0,"pct":100},"statements":{"total":24,"covered":24,"skipped":0,"pct":100},"branches":{"total":3,"covered":3,"skipped":0,"pct":100}}
,"/home/user/Resonance/worker/src/middleware/auth.ts": {"lines":{"total":16,"covered":16,"skipped":0,"pct":100},"functions":{"total":2,"covered":2,"skipped":0,"pct":100},"statements":{"total":16,"covered":16,"skipped":0,"pct":100},"branches":{"total":5,"covered":5,"skipped":0,"pct":100}}
,"/home/user/Resonance/worker/src/middleware/wiki-injection.ts": {"lines":{"total":56,"covered":48,"skipped":0,"pct":85.71},"functions":{"total":2,"covered":2,"skipped":0,"pct":100},"statements":{"total":56,"covered":48,"skipped":0,"pct":85.71},"branches":{"total":17,"covered":15,"skipped":0,"pct":88.23}}
,"/home/user/Resonance/worker/src/routes/character.ts": {"lines":{"total":91,"covered":77,"skipped":0,"pct":84.61},"functions":{"total":0,"covered":0,"skipped":0,"pct":100},"statements":{"total":91,"covered":77,"skipped":0,"pct":84.61},"branches":{"total":14,"covered":11,"skipped":0,"pct":78.57}}
,"/home/user/Resonance/worker/src/schemas/nickname-analysis.ts": {"lines":{"total":65,"covered":65,"skipped":0,"pct":100},"functions":{"total":2,"covered":2,"skipped":0,"pct":100},"statements":{"total":65,"covered":65,"skipped":0,"pct":100},"branches":{"total":2,"covered":2,"skipped":0,"pct":100}}
}
